python length-from-closed-syncmer-count.py  -k 10 -s 3 -n 100 -c 0.95 
sig	method	LengthLow	LengthHigh
0.95	qualitative	367.3508315817253	435.4890933863735

python length-from-closed-syncmer-count.py  -k 10 -s 3 -n 10000 -c 0.95 
sig	method	LengthLow	LengthHigh
0.95	qualitative	39664.3417305896	40338.49819437848

python length-from-closed-syncmer-count.py  -k 10 -s 3 -n 1000000 -c 0.95 
sig	method	LengthLow	LengthHigh
0.95	qualitative	3996631.000907222	4003371.839017747

python length-from-open-syncmer-count.py  -k 10 -s 3 -t 1 -n 100 -c 0.95 
sig	method	LengthLow	LengthHigh
0.95	qualitative	726.8629616271883	880.415982422599

python length-from-open-syncmer-count.py  -k 10 -s 3 -t 1 -n 10000 -c 0.95 
sig	method	LengthLow	LengthHigh
0.95	qualitative	79240.49662740662	80766.78231664316

python length-from-open-syncmer-count.py  -k 10 -s 3 -t 1 -n 1000000 -c 0.95 
sig	method	LengthLow	LengthHigh
0.95	qualitative	7992372.674665686	8007634.604278367

python length-from-minimizer-count.py  -k 10 -w 3 -n 100 -c 0.95 
sig	method	LengthLow	LengthHigh
0.95	qualitative	187.33657655393654	213.50488585440507

python length-from-minimizer-count.py  -k 10 -w 3 -n 10000 -c 0.95 
sig	method	LengthLow	LengthHigh
0.95	qualitative	19870.68195215914	20130.1595102492

python length-from-minimizer-count.py  -k 10 -w 3 -n 1000000 -c 0.95 
sig	method	LengthLow	LengthHigh
0.95	qualitative	1998703.143690898	2001297.697771511

python length-from-non-overlapping-pattern-count.py  -k 6 -p "a,cg" -f "0.15,0.2,0.5,0.15" -n 100 -c 0.95 
sig	method	LengthLow	LengthHigh
0.95	qualitative	345.90397351525644	462.547235890268

python length-from-non-overlapping-pattern-count.py  -k 6 -p "a,cg" -f "0.15,0.2,0.5,0.15" -n 10000 -c 0.95 
sig	method	LengthLow	LengthHigh
0.95	qualitative	39422.78832938991	40585.66288001565

python length-from-non-overlapping-pattern-count.py  -k 6 -p "a,cg" -f "0.15,0.2,0.5,0.15" -n 1000000 -c 0.95 
sig	method	LengthLow	LengthHigh
0.95	qualitative	3994190.031030128	4005818.420179276

