python theta-hypothesis-from-parametrized-syncmer-count.py  -k 10 -s 3 -t 0 7 -n 100 -u 90 -0 0.009980741793785552 
length	p_1-sided_left	p_1-sided_right	p_2-sided
estimated	0.462940670077658	0.5370593299223421	0.925881340155316

python theta-hypothesis-from-parametrized-syncmer-count.py  -k 10 -s 3 -t 0 7 -n 100 -u 90 -0 0.009980741793785552  -l 400.0
length	p_1-sided_left	p_1-sided_right	p_2-sided
actual	0.462940670077658	0.5370593299223421	0.925881340155316

python theta-hypothesis-from-parametrized-syncmer-count.py  -k 10 -s 3 -t 0 7 -n 100 -u 90 -0 0.010980741793785553 
length	p_1-sided_left	p_1-sided_right	p_2-sided
estimated	0.5354548492893464	0.4645451507106536	0.9290903014213072

python theta-hypothesis-from-parametrized-syncmer-count.py  -k 10 -s 3 -t 0 7 -n 100 -u 90 -0 0.010980741793785553  -l 400.0
length	p_1-sided_left	p_1-sided_right	p_2-sided
actual	0.5354548492893464	0.4645451507106536	0.9290903014213072

python theta-hypothesis-from-parametrized-syncmer-count.py  -k 10 -s 3 -t 1 -n 100 -u 90 -0 0.009980741793785552 
length	p_1-sided_left	p_1-sided_right	p_2-sided
estimated	0.4520475597472903	0.5479524402527097	0.9040951194945805

python theta-hypothesis-from-parametrized-syncmer-count.py  -k 10 -s 3 -t 1 -n 100 -u 90 -0 0.009980741793785552  -l 800.0
length	p_1-sided_left	p_1-sided_right	p_2-sided
actual	0.4520475597472903	0.5479524402527097	0.9040951194945805

python theta-hypothesis-from-parametrized-syncmer-count.py  -k 10 -s 3 -t 1 -n 100 -u 90 -0 0.010980741793785553 
length	p_1-sided_left	p_1-sided_right	p_2-sided
estimated	0.5458723593982744	0.4541276406017256	0.9082552812034512

python theta-hypothesis-from-parametrized-syncmer-count.py  -k 10 -s 3 -t 1 -n 100 -u 90 -0 0.010980741793785553  -l 800.0
length	p_1-sided_left	p_1-sided_right	p_2-sided
actual	0.5458723593982744	0.4541276406017256	0.9082552812034512

python theta-hypothesis-from-non-overlapping-pattern-count.py  -k 6 -p "a,cg" -f "0.15,0.2,0.5,0.15" -n 100 -u 90 -0 0.01690680614731016 
length	p_1-sided_left	p_1-sided_right	p_2-sided
estimated	0.47416517448094714	0.5258348255190528	0.9483303489618943

python theta-hypothesis-from-non-overlapping-pattern-count.py  -k 6 -p "a,cg" -f "0.15,0.2,0.5,0.15" -n 100 -u 90 -0 0.01690680614731016  -l 400.0
length	p_1-sided_left	p_1-sided_right	p_2-sided
actual	0.47416517448094714	0.5258348255190528	0.9483303489618943

python theta-hypothesis-from-non-overlapping-pattern-count.py  -k 6 -p "a,cg" -f "0.15,0.2,0.5,0.15" -n 100 -u 90 -0 0.01790680614731016 
length	p_1-sided_left	p_1-sided_right	p_2-sided
estimated	0.5251565905868002	0.4748434094131998	0.9496868188263996

python theta-hypothesis-from-non-overlapping-pattern-count.py  -k 6 -p "a,cg" -f "0.15,0.2,0.5,0.15" -n 100 -u 90 -0 0.01790680614731016  -l 400.0
length	p_1-sided_left	p_1-sided_right	p_2-sided
actual	0.5251565905868002	0.4748434094131998	0.9496868188263996

python theta-hypothesis-from-parametrized-syncmer-count.py  -k 10 -s 3 -t 0 7 -n 1000 -u 900 -0 0.009980741793785552  -l 4000.0
length	p_1-sided_left	p_1-sided_right	p_2-sided
actual	0.3846181436588102	0.6153818563411898	0.7692362873176204

python theta-hypothesis-from-parametrized-syncmer-count.py  -k 10 -s 3 -t 0 7 -n 1000 -u 900 -0 0.010980741793785553  -l 4000.0
length	p_1-sided_left	p_1-sided_right	p_2-sided
actual	0.6105064319419522	0.3894935680580478	0.7789871361160956

python theta-hypothesis-from-parametrized-syncmer-count.py  -k 10 -s 3 -t 1 -n 1000 -u 900 -0 0.009980741793785552  -l 8000.0
length	p_1-sided_left	p_1-sided_right	p_2-sided
actual	0.35173377418454166	0.6482662258154583	0.7034675483690833

python theta-hypothesis-from-parametrized-syncmer-count.py  -k 10 -s 3 -t 1 -n 1000 -u 900 -0 0.010980741793785553  -l 8000.0
length	p_1-sided_left	p_1-sided_right	p_2-sided
actual	0.642092648647423	0.357907351352577	0.715814702705154

python theta-hypothesis-from-non-overlapping-pattern-count.py  -k 6 -p "a,cg" -f "0.15,0.2,0.5,0.15" -n 1000 -u 900 -0 0.01690680614731016  -l 4000.0
length	p_1-sided_left	p_1-sided_right	p_2-sided
actual	0.4189317217307244	0.5810682782692755	0.8378634434614488

python theta-hypothesis-from-non-overlapping-pattern-count.py  -k 6 -p "a,cg" -f "0.15,0.2,0.5,0.15" -n 1000 -u 900 -0 0.01790680614731016  -l 4000.0
length	p_1-sided_left	p_1-sided_right	p_2-sided
actual	0.578965688951209	0.42103431104879097	0.8420686220975819

python theta-hypothesis-from-parametrized-syncmer-count.py  -k 10 -s 3 -t 0 7 -n 10000 -u 9000 -0 0.009980741793785552  -l 40000.0
length	p_1-sided_left	p_1-sided_right	p_2-sided
actual	0.1768396525195315	0.8231603474804685	0.353679305039063

python theta-hypothesis-from-parametrized-syncmer-count.py  -k 10 -s 3 -t 0 7 -n 10000 -u 9000 -0 0.010980741793785553  -l 40000.0
length	p_1-sided_left	p_1-sided_right	p_2-sided
actual	0.8125188741766278	0.18748112582337217	0.37496225164674435

python theta-hypothesis-from-parametrized-syncmer-count.py  -k 10 -s 3 -t 1 -n 10000 -u 9000 -0 0.009980741793785552  -l 80000.0
length	p_1-sided_left	p_1-sided_right	p_2-sided
actual	0.11437559027974903	0.885624409720251	0.22875118055949806

python theta-hypothesis-from-parametrized-syncmer-count.py  -k 10 -s 3 -t 1 -n 10000 -u 9000 -0 0.010980741793785553  -l 80000.0
length	p_1-sided_left	p_1-sided_right	p_2-sided
actual	0.8751623458588138	0.1248376541411862	0.2496753082823724

python theta-hypothesis-from-non-overlapping-pattern-count.py  -k 6 -p "a,cg" -f "0.15,0.2,0.5,0.15" -n 10000 -u 9000 -0 0.01690680614731016  -l 40000.0
length	p_1-sided_left	p_1-sided_right	p_2-sided
actual	0.2588181594934777	0.7411818405065222	0.5176363189869554

python theta-hypothesis-from-non-overlapping-pattern-count.py  -k 6 -p "a,cg" -f "0.15,0.2,0.5,0.15" -n 10000 -u 9000 -0 0.01790680614731016  -l 40000.0
length	p_1-sided_left	p_1-sided_right	p_2-sided
actual	0.7356481235292982	0.2643518764707018	0.5287037529414036

